<?xml version="1.0" encoding="UTF-8"?>
<!-- Generated by org.testng.reporters.JUnitXMLReporter -->
<testsuite ignored="0" hostname="DESKTOP-04AG9FN" failures="0" tests="4" name="Test" time="30.169" errors="0" timestamp="2025-01-26T23:29:03 IST">
  <testcase classname="testCases.TC010_LoginDDTest" name="Verify_loginDDT" time="3.567"/>
  <testcase classname="testCases.TC010_LoginDDTest" name="Verify_loginDDT" time="3.482"/>
  <testcase classname="testCases.TC010_LoginDDTest" name="Verify_loginDDT" time="3.887"/>
  <testcase classname="testCases.TC010_LoginDDTest" name="Verify_loginDDT" time="12.202"/>
</testsuite> <!-- Test -->
