<?xml version="1.0" encoding="UTF-8"?>
<!-- Generated by org.testng.reporters.JUnitXMLReporter -->
<testsuite ignored="0" hostname="DESKTOP-04AG9FN" failures="0" tests="13" name="Test" time="157.335" errors="0" timestamp="2025-03-09T19:48:23 IST">
  <testcase classname="testCases.TC001_AccountRegistrationTest" name="verify_account_registration" time="5.283"/>
  <testcase classname="testCases.TC002_LoginTest" name="Verify_login" time="2.454"/>
  <testcase classname="testCases.TC003_SearchItemTest" name="SearchItem" time="4.187"/>
  <testcase classname="testCases.TC004_AddtoCartTest" name="addToCart" time="4.511"/>
  <testcase classname="testCases.TC005_ViewShoppingCart" name="ViewCart" time="7.3"/>
  <testcase classname="testCases.TC006_CheckOutProcess" name="CheckOutProductInCart" time="20.612"/>
  <testcase classname="testCases.TC007_CheckingOrderHistory" name="CheckOrderHistory" time="8.849"/>
  <testcase classname="testCases.TC008_CheckUserLogout" name="CheckUserLogout" time="11.138"/>
  <testcase classname="testCases.TC009_OrderProduct_EndToEnd_testcase" name="verify_account_registration" time="29.136"/>
  <testcase classname="testCases.TC010_LoginDDTest" name="Verify_loginDDT" time="3.114"/>
  <testcase classname="testCases.TC010_LoginDDTest" name="Verify_loginDDT" time="2.856"/>
  <testcase classname="testCases.TC010_LoginDDTest" name="Verify_loginDDT" time="2.885"/>
  <testcase classname="testCases.TC010_LoginDDTest" name="Verify_loginDDT" time="12.096"/>
</testsuite> <!-- Test -->
