<?xml version="1.0" encoding="UTF-8"?>
<testng-results ignored="0" total="13" passed="13" failed="0" skipped="0">
  <reporter-output>
  </reporter-output>
  <suite started-at="2025-03-09T19:45:44 IST" name="MasterSuite" finished-at="2025-03-09T19:48:22 IST" duration-ms="157335">
    <groups>
      <group name="Sanity">
        <method signature="TC001_AccountRegistrationTest.verify_account_registration()[pri:0, instance:testCases.TC001_AccountRegistrationTest@15713d56]" name="verify_account_registration" class="testCases.TC001_AccountRegistrationTest"/>
        <method signature="TC002_LoginTest.Verify_login()[pri:0, instance:testCases.TC002_LoginTest@5c2375a9]" name="Verify_login" class="testCases.TC002_LoginTest"/>
        <method signature="TC008_CheckUserLogout.CheckUserLogout()[pri:0, instance:testCases.TC008_CheckUserLogout@27216cd]" name="CheckUserLogout" class="testCases.TC008_CheckUserLogout"/>
      </group> <!-- Sanity -->
      <group name="Regression">
        <method signature="TC006_CheckOutProcess.CheckOutProductInCart()[pri:0, instance:testCases.TC006_CheckOutProcess@3d9c13b5]" name="CheckOutProductInCart" class="testCases.TC006_CheckOutProcess"/>
        <method signature="TC009_OrderProduct_EndToEnd_testcase.verify_account_registration()[pri:0, instance:testCases.TC009_OrderProduct_EndToEnd_testcase@558bdf1f]" name="verify_account_registration" class="testCases.TC009_OrderProduct_EndToEnd_testcase"/>
      </group> <!-- Regression -->
      <group name="Smoke">
        <method signature="TC003_SearchItemTest.SearchItem()[pri:0, instance:testCases.TC003_SearchItemTest@60129b9a]" name="SearchItem" class="testCases.TC003_SearchItemTest"/>
        <method signature="TC004_AddtoCartTest.addToCart()[pri:0, instance:testCases.TC004_AddtoCartTest@78d6692f]" name="addToCart" class="testCases.TC004_AddtoCartTest"/>
        <method signature="TC005_ViewShoppingCart.ViewCart()[pri:0, instance:testCases.TC005_ViewShoppingCart@7a55af6b]" name="ViewCart" class="testCases.TC005_ViewShoppingCart"/>
        <method signature="TC007_CheckingOrderHistory.CheckOrderHistory()[pri:0, instance:testCases.TC007_CheckingOrderHistory@492691d7]" name="CheckOrderHistory" class="testCases.TC007_CheckingOrderHistory"/>
      </group> <!-- Smoke -->
      <group name="Datadriven">
        <method signature="TC010_LoginDDTest.Verify_loginDDT(java.lang.String,java.lang.String,java.lang.String)[pri:0, instance:testCases.TC010_LoginDDTest@8576fa0]" name="Verify_loginDDT" class="testCases.TC010_LoginDDTest"/>
      </group> <!-- Datadriven -->
    </groups>
    <test started-at="2025-03-09T19:45:44 IST" name="Test" finished-at="2025-03-09T19:48:22 IST" duration-ms="157335">
      <class name="testCases.TC003_SearchItemTest">
        <test-method is-config="true" signature="setup(java.lang.String,java.lang.String)[pri:0, instance:testCases.TC003_SearchItemTest@60129b9a]" started-at="2025-03-09T19:46:02 IST" name="setup" finished-at="2025-03-09T19:46:05 IST" duration-ms="2796" status="PASS">
          <params>
            <param index="0">
              <value>
                <![CDATA[Windows]]>
              </value>
            </param>
            <param index="1">
              <value>
                <![CDATA[chrome]]>
              </value>
            </param>
          </params>
          <reporter-output>
          </reporter-output>
        </test-method> <!-- setup -->
        <test-method signature="SearchItem()[pri:0, instance:testCases.TC003_SearchItemTest@60129b9a]" started-at="2025-03-09T19:46:05 IST" name="SearchItem" finished-at="2025-03-09T19:46:09 IST" duration-ms="4187" status="PASS">
          <reporter-output>
          </reporter-output>
        </test-method> <!-- SearchItem -->
        <test-method is-config="true" signature="teardown()[pri:0, instance:testCases.TC003_SearchItemTest@60129b9a]" started-at="2025-03-09T19:46:09 IST" name="teardown" finished-at="2025-03-09T19:46:09 IST" duration-ms="251" status="PASS">
          <reporter-output>
          </reporter-output>
        </test-method> <!-- teardown -->
      </class> <!-- testCases.TC003_SearchItemTest -->
      <class name="testCases.TC002_LoginTest">
        <test-method is-config="true" signature="setup(java.lang.String,java.lang.String)[pri:0, instance:testCases.TC002_LoginTest@5c2375a9]" started-at="2025-03-09T19:45:55 IST" name="setup" finished-at="2025-03-09T19:45:59 IST" duration-ms="4720" status="PASS">
          <params>
            <param index="0">
              <value>
                <![CDATA[Windows]]>
              </value>
            </param>
            <param index="1">
              <value>
                <![CDATA[chrome]]>
              </value>
            </param>
          </params>
          <reporter-output>
          </reporter-output>
        </test-method> <!-- setup -->
        <test-method signature="Verify_login()[pri:0, instance:testCases.TC002_LoginTest@5c2375a9]" started-at="2025-03-09T19:45:59 IST" name="Verify_login" finished-at="2025-03-09T19:46:02 IST" duration-ms="2454" status="PASS">
          <reporter-output>
          </reporter-output>
        </test-method> <!-- Verify_login -->
        <test-method is-config="true" signature="teardown()[pri:0, instance:testCases.TC002_LoginTest@5c2375a9]" started-at="2025-03-09T19:46:02 IST" name="teardown" finished-at="2025-03-09T19:46:02 IST" duration-ms="245" status="PASS">
          <reporter-output>
          </reporter-output>
        </test-method> <!-- teardown -->
      </class> <!-- testCases.TC002_LoginTest -->
      <class name="testCases.TC005_ViewShoppingCart">
        <test-method is-config="true" signature="setup(java.lang.String,java.lang.String)[pri:0, instance:testCases.TC005_ViewShoppingCart@7a55af6b]" started-at="2025-03-09T19:46:17 IST" name="setup" finished-at="2025-03-09T19:46:22 IST" duration-ms="5018" status="PASS">
          <params>
            <param index="0">
              <value>
                <![CDATA[Windows]]>
              </value>
            </param>
            <param index="1">
              <value>
                <![CDATA[chrome]]>
              </value>
            </param>
          </params>
          <reporter-output>
          </reporter-output>
        </test-method> <!-- setup -->
        <test-method signature="ViewCart()[pri:0, instance:testCases.TC005_ViewShoppingCart@7a55af6b]" started-at="2025-03-09T19:46:22 IST" name="ViewCart" finished-at="2025-03-09T19:46:29 IST" duration-ms="7300" status="PASS">
          <reporter-output>
          </reporter-output>
        </test-method> <!-- ViewCart -->
        <test-method is-config="true" signature="teardown()[pri:0, instance:testCases.TC005_ViewShoppingCart@7a55af6b]" started-at="2025-03-09T19:46:29 IST" name="teardown" finished-at="2025-03-09T19:46:29 IST" duration-ms="235" status="PASS">
          <reporter-output>
          </reporter-output>
        </test-method> <!-- teardown -->
      </class> <!-- testCases.TC005_ViewShoppingCart -->
      <class name="testCases.TC009_OrderProduct_EndToEnd_testcase">
        <test-method is-config="true" signature="setup(java.lang.String,java.lang.String)[pri:0, instance:testCases.TC009_OrderProduct_EndToEnd_testcase@558bdf1f]" started-at="2025-03-09T19:47:22 IST" name="setup" finished-at="2025-03-09T19:47:25 IST" duration-ms="2840" status="PASS">
          <params>
            <param index="0">
              <value>
                <![CDATA[Windows]]>
              </value>
            </param>
            <param index="1">
              <value>
                <![CDATA[chrome]]>
              </value>
            </param>
          </params>
          <reporter-output>
          </reporter-output>
        </test-method> <!-- setup -->
        <test-method signature="verify_account_registration()[pri:0, instance:testCases.TC009_OrderProduct_EndToEnd_testcase@558bdf1f]" started-at="2025-03-09T19:47:25 IST" name="verify_account_registration" finished-at="2025-03-09T19:47:54 IST" duration-ms="29136" status="PASS">
          <reporter-output>
          </reporter-output>
        </test-method> <!-- verify_account_registration -->
        <test-method is-config="true" signature="teardown()[pri:0, instance:testCases.TC009_OrderProduct_EndToEnd_testcase@558bdf1f]" started-at="2025-03-09T19:47:54 IST" name="teardown" finished-at="2025-03-09T19:47:55 IST" duration-ms="324" status="PASS">
          <reporter-output>
          </reporter-output>
        </test-method> <!-- teardown -->
      </class> <!-- testCases.TC009_OrderProduct_EndToEnd_testcase -->
      <class name="testCases.TC006_CheckOutProcess">
        <test-method is-config="true" signature="setup(java.lang.String,java.lang.String)[pri:0, instance:testCases.TC006_CheckOutProcess@3d9c13b5]" started-at="2025-03-09T19:46:29 IST" name="setup" finished-at="2025-03-09T19:46:32 IST" duration-ms="2836" status="PASS">
          <params>
            <param index="0">
              <value>
                <![CDATA[Windows]]>
              </value>
            </param>
            <param index="1">
              <value>
                <![CDATA[chrome]]>
              </value>
            </param>
          </params>
          <reporter-output>
          </reporter-output>
        </test-method> <!-- setup -->
        <test-method signature="CheckOutProductInCart()[pri:0, instance:testCases.TC006_CheckOutProcess@3d9c13b5]" started-at="2025-03-09T19:46:32 IST" name="CheckOutProductInCart" finished-at="2025-03-09T19:46:53 IST" duration-ms="20612" status="PASS">
          <reporter-output>
          </reporter-output>
        </test-method> <!-- CheckOutProductInCart -->
        <test-method is-config="true" signature="teardown()[pri:0, instance:testCases.TC006_CheckOutProcess@3d9c13b5]" started-at="2025-03-09T19:46:53 IST" name="teardown" finished-at="2025-03-09T19:46:53 IST" duration-ms="285" status="PASS">
          <reporter-output>
          </reporter-output>
        </test-method> <!-- teardown -->
      </class> <!-- testCases.TC006_CheckOutProcess -->
      <class name="testCases.TC008_CheckUserLogout">
        <test-method is-config="true" signature="setup(java.lang.String,java.lang.String)[pri:0, instance:testCases.TC008_CheckUserLogout@27216cd]" started-at="2025-03-09T19:47:07 IST" name="setup" finished-at="2025-03-09T19:47:11 IST" duration-ms="4010" status="PASS">
          <params>
            <param index="0">
              <value>
                <![CDATA[Windows]]>
              </value>
            </param>
            <param index="1">
              <value>
                <![CDATA[chrome]]>
              </value>
            </param>
          </params>
          <reporter-output>
          </reporter-output>
        </test-method> <!-- setup -->
        <test-method signature="CheckUserLogout()[pri:0, instance:testCases.TC008_CheckUserLogout@27216cd]" started-at="2025-03-09T19:47:11 IST" name="CheckUserLogout" finished-at="2025-03-09T19:47:22 IST" duration-ms="11138" status="PASS">
          <reporter-output>
          </reporter-output>
        </test-method> <!-- CheckUserLogout -->
        <test-method is-config="true" signature="teardown()[pri:0, instance:testCases.TC008_CheckUserLogout@27216cd]" started-at="2025-03-09T19:47:22 IST" name="teardown" finished-at="2025-03-09T19:47:22 IST" duration-ms="266" status="PASS">
          <reporter-output>
          </reporter-output>
        </test-method> <!-- teardown -->
      </class> <!-- testCases.TC008_CheckUserLogout -->
      <class name="testCases.TC010_LoginDDTest">
        <test-method is-config="true" signature="setup(java.lang.String,java.lang.String)[pri:0, instance:testCases.TC010_LoginDDTest@8576fa0]" started-at="2025-03-09T19:47:55 IST" name="setup" finished-at="2025-03-09T19:47:57 IST" duration-ms="2809" status="PASS">
          <params>
            <param index="0">
              <value>
                <![CDATA[Windows]]>
              </value>
            </param>
            <param index="1">
              <value>
                <![CDATA[chrome]]>
              </value>
            </param>
          </params>
          <reporter-output>
          </reporter-output>
        </test-method> <!-- setup -->
        <test-method signature="Verify_loginDDT(java.lang.String,java.lang.String,java.lang.String)[pri:0, instance:testCases.TC010_LoginDDTest@8576fa0]" started-at="2025-03-09T19:48:00 IST" name="Verify_loginDDT" data-provider="LoginData" finished-at="2025-03-09T19:48:04 IST" duration-ms="3114" status="PASS">
          <params>
            <param index="0">
              <value>
                <![CDATA[trouser01@gmail.com]]>
              </value>
            </param>
            <param index="1">
              <value>
                <![CDATA[test@12]]>
              </value>
            </param>
            <param index="2">
              <value>
                <![CDATA[Valid]]>
              </value>
            </param>
          </params>
          <reporter-output>
          </reporter-output>
        </test-method> <!-- Verify_loginDDT -->
        <test-method signature="Verify_loginDDT(java.lang.String,java.lang.String,java.lang.String)[pri:0, instance:testCases.TC010_LoginDDTest@8576fa0]" started-at="2025-03-09T19:48:04 IST" name="Verify_loginDDT" data-provider="LoginData" finished-at="2025-03-09T19:48:06 IST" duration-ms="2856" status="PASS">
          <params>
            <param index="0">
              <value>
                <![CDATA[trouseradmin02@gmail.com]]>
              </value>
            </param>
            <param index="1">
              <value>
                <![CDATA[test@123]]>
              </value>
            </param>
            <param index="2">
              <value>
                <![CDATA[Valid]]>
              </value>
            </param>
          </params>
          <reporter-output>
          </reporter-output>
        </test-method> <!-- Verify_loginDDT -->
        <test-method signature="Verify_loginDDT(java.lang.String,java.lang.String,java.lang.String)[pri:0, instance:testCases.TC010_LoginDDTest@8576fa0]" started-at="2025-03-09T19:48:06 IST" name="Verify_loginDDT" data-provider="LoginData" finished-at="2025-03-09T19:48:09 IST" duration-ms="2885" status="PASS">
          <params>
            <param index="0">
              <value>
                <![CDATA[trouserfinance03@gmail.com]]>
              </value>
            </param>
            <param index="1">
              <value>
                <![CDATA[test@1234]]>
              </value>
            </param>
            <param index="2">
              <value>
                <![CDATA[Valid]]>
              </value>
            </param>
          </params>
          <reporter-output>
          </reporter-output>
        </test-method> <!-- Verify_loginDDT -->
        <test-method signature="Verify_loginDDT(java.lang.String,java.lang.String,java.lang.String)[pri:0, instance:testCases.TC010_LoginDDTest@8576fa0]" started-at="2025-03-09T19:48:09 IST" name="Verify_loginDDT" data-provider="LoginData" finished-at="2025-03-09T19:48:21 IST" duration-ms="12096" status="PASS">
          <params>
            <param index="0">
              <value>
                <![CDATA[trousernot04@gmail.com]]>
              </value>
            </param>
            <param index="1">
              <value>
                <![CDATA[test@12345]]>
              </value>
            </param>
            <param index="2">
              <value>
                <![CDATA[Invalid]]>
              </value>
            </param>
          </params>
          <reporter-output>
          </reporter-output>
        </test-method> <!-- Verify_loginDDT -->
        <test-method is-config="true" signature="teardown()[pri:0, instance:testCases.TC010_LoginDDTest@8576fa0]" started-at="2025-03-09T19:48:21 IST" name="teardown" finished-at="2025-03-09T19:48:22 IST" duration-ms="284" status="PASS">
          <reporter-output>
          </reporter-output>
        </test-method> <!-- teardown -->
      </class> <!-- testCases.TC010_LoginDDTest -->
      <class name="testCases.TC007_CheckingOrderHistory">
        <test-method is-config="true" signature="setup(java.lang.String,java.lang.String)[pri:0, instance:testCases.TC007_CheckingOrderHistory@492691d7]" started-at="2025-03-09T19:46:53 IST" name="setup" finished-at="2025-03-09T19:46:58 IST" duration-ms="4601" status="PASS">
          <params>
            <param index="0">
              <value>
                <![CDATA[Windows]]>
              </value>
            </param>
            <param index="1">
              <value>
                <![CDATA[chrome]]>
              </value>
            </param>
          </params>
          <reporter-output>
          </reporter-output>
        </test-method> <!-- setup -->
        <test-method signature="CheckOrderHistory()[pri:0, instance:testCases.TC007_CheckingOrderHistory@492691d7]" started-at="2025-03-09T19:46:58 IST" name="CheckOrderHistory" finished-at="2025-03-09T19:47:07 IST" duration-ms="8849" status="PASS">
          <reporter-output>
          </reporter-output>
        </test-method> <!-- CheckOrderHistory -->
        <test-method is-config="true" signature="teardown()[pri:0, instance:testCases.TC007_CheckingOrderHistory@492691d7]" started-at="2025-03-09T19:47:07 IST" name="teardown" finished-at="2025-03-09T19:47:07 IST" duration-ms="280" status="PASS">
          <reporter-output>
          </reporter-output>
        </test-method> <!-- teardown -->
      </class> <!-- testCases.TC007_CheckingOrderHistory -->
      <class name="testCases.TC001_AccountRegistrationTest">
        <test-method is-config="true" signature="setup(java.lang.String,java.lang.String)[pri:0, instance:testCases.TC001_AccountRegistrationTest@15713d56]" started-at="2025-03-09T19:45:45 IST" name="setup" finished-at="2025-03-09T19:45:49 IST" duration-ms="4106" status="PASS">
          <params>
            <param index="0">
              <value>
                <![CDATA[Windows]]>
              </value>
            </param>
            <param index="1">
              <value>
                <![CDATA[chrome]]>
              </value>
            </param>
          </params>
          <reporter-output>
          </reporter-output>
        </test-method> <!-- setup -->
        <test-method signature="verify_account_registration()[pri:0, instance:testCases.TC001_AccountRegistrationTest@15713d56]" started-at="2025-03-09T19:45:49 IST" name="verify_account_registration" finished-at="2025-03-09T19:45:54 IST" duration-ms="5283" status="PASS">
          <reporter-output>
          </reporter-output>
        </test-method> <!-- verify_account_registration -->
        <test-method is-config="true" signature="teardown()[pri:0, instance:testCases.TC001_AccountRegistrationTest@15713d56]" started-at="2025-03-09T19:45:54 IST" name="teardown" finished-at="2025-03-09T19:45:55 IST" duration-ms="266" status="PASS">
          <reporter-output>
          </reporter-output>
        </test-method> <!-- teardown -->
      </class> <!-- testCases.TC001_AccountRegistrationTest -->
      <class name="testCases.TC004_AddtoCartTest">
        <test-method is-config="true" signature="setup(java.lang.String,java.lang.String)[pri:0, instance:testCases.TC004_AddtoCartTest@78d6692f]" started-at="2025-03-09T19:46:09 IST" name="setup" finished-at="2025-03-09T19:46:12 IST" duration-ms="2839" status="PASS">
          <params>
            <param index="0">
              <value>
                <![CDATA[Windows]]>
              </value>
            </param>
            <param index="1">
              <value>
                <![CDATA[chrome]]>
              </value>
            </param>
          </params>
          <reporter-output>
          </reporter-output>
        </test-method> <!-- setup -->
        <test-method signature="addToCart()[pri:0, instance:testCases.TC004_AddtoCartTest@78d6692f]" started-at="2025-03-09T19:46:12 IST" name="addToCart" finished-at="2025-03-09T19:46:17 IST" duration-ms="4511" status="PASS">
          <reporter-output>
          </reporter-output>
        </test-method> <!-- addToCart -->
        <test-method is-config="true" signature="teardown()[pri:0, instance:testCases.TC004_AddtoCartTest@78d6692f]" started-at="2025-03-09T19:46:17 IST" name="teardown" finished-at="2025-03-09T19:46:17 IST" duration-ms="256" status="PASS">
          <reporter-output>
          </reporter-output>
        </test-method> <!-- teardown -->
      </class> <!-- testCases.TC004_AddtoCartTest -->
    </test> <!-- Test -->
  </suite> <!-- MasterSuite -->
</testng-results>
