<?xml version="1.0" encoding="UTF-8"?>
<testng-results ignored="0" total="1" passed="1" failed="0" skipped="0">
  <reporter-output>
  </reporter-output>
  <suite started-at="2025-03-23T18:38:43 IST" name="Failed suite [MasterSuite]" finished-at="2025-03-23T18:39:16 IST" duration-ms="32988">
    <groups>
      <group name="Regression">
        <method signature="TC009_OrderProduct_EndToEnd_testcase.verify_account_registration()[pri:0, instance:testCases.TC009_OrderProduct_EndToEnd_testcase@4b40f651]" name="verify_account_registration" class="testCases.TC009_OrderProduct_EndToEnd_testcase"/>
      </group> <!-- Regression -->
    </groups>
    <test started-at="2025-03-23T18:38:43 IST" name="Test(failed)" finished-at="2025-03-23T18:39:16 IST" duration-ms="32988">
      <class name="testCases.TC009_OrderProduct_EndToEnd_testcase">
        <test-method is-config="true" signature="setup(java.lang.String,java.lang.String)[pri:0, instance:testCases.TC009_OrderProduct_EndToEnd_testcase@4b40f651]" started-at="2025-03-23T18:38:43 IST" name="setup" finished-at="2025-03-23T18:38:47 IST" duration-ms="3896" status="PASS">
          <params>
            <param index="0">
              <value>
                <![CDATA[Windows]]>
              </value>
            </param>
            <param index="1">
              <value>
                <![CDATA[chrome]]>
              </value>
            </param>
          </params>
          <reporter-output>
          </reporter-output>
        </test-method> <!-- setup -->
        <test-method signature="verify_account_registration()[pri:0, instance:testCases.TC009_OrderProduct_EndToEnd_testcase@4b40f651]" started-at="2025-03-23T18:38:47 IST" name="verify_account_registration" finished-at="2025-03-23T18:39:15 IST" duration-ms="28232" status="PASS">
          <reporter-output>
          </reporter-output>
        </test-method> <!-- verify_account_registration -->
        <test-method is-config="true" signature="teardown()[pri:0, instance:testCases.TC009_OrderProduct_EndToEnd_testcase@4b40f651]" started-at="2025-03-23T18:39:15 IST" name="teardown" finished-at="2025-03-23T18:39:16 IST" duration-ms="300" status="PASS">
          <reporter-output>
          </reporter-output>
        </test-method> <!-- teardown -->
      </class> <!-- testCases.TC009_OrderProduct_EndToEnd_testcase -->
    </test> <!-- Test(failed) -->
  </suite> <!-- Failed suite [MasterSuite] -->
</testng-results>
