<?xml version="1.0" encoding="UTF-8"?>
<testng-results ignored="0" total="9" passed="9" failed="0" skipped="0">
  <reporter-output>
  </reporter-output>
  <suite started-at="2025-04-29T17:41:14 IST" name="MasterSuite" finished-at="2025-04-29T17:43:21 IST" duration-ms="127238">
    <groups>
      <group name="Sanity">
        <method signature="TC001_AccountRegistrationTest.verify_account_registration()[pri:0, instance:testCases.TC001_AccountRegistrationTest@53f6fd09]" name="verify_account_registration" class="testCases.TC001_AccountRegistrationTest"/>
        <method signature="TC002_LoginTest.Verify_login()[pri:0, instance:testCases.TC002_LoginTest@39a2bb97]" name="Verify_login" class="testCases.TC002_LoginTest"/>
        <method signature="TC008_CheckUserLogout.CheckUserLogout()[pri:0, instance:testCases.TC008_CheckUserLogout@1608bcbd]" name="CheckUserLogout" class="testCases.TC008_CheckUserLogout"/>
      </group> <!-- Sanity -->
      <group name="Regression">
        <method signature="TC006_CheckOutProcess.CheckOutProductInCart()[pri:0, instance:testCases.TC006_CheckOutProcess@6f63b475]" name="CheckOutProductInCart" class="testCases.TC006_CheckOutProcess"/>
        <method signature="TC009_OrderProduct_EndToEnd_testcase.verify_account_registration()[pri:0, instance:testCases.TC009_OrderProduct_EndToEnd_testcase@5bf8fa12]" name="verify_account_registration" class="testCases.TC009_OrderProduct_EndToEnd_testcase"/>
      </group> <!-- Regression -->
      <group name="Smoke">
        <method signature="TC003_SearchItemTest.SearchItem()[pri:0, instance:testCases.TC003_SearchItemTest@3ad2e17]" name="SearchItem" class="testCases.TC003_SearchItemTest"/>
        <method signature="TC004_AddtoCartTest.addToCart()[pri:0, instance:testCases.TC004_AddtoCartTest@8c3619e]" name="addToCart" class="testCases.TC004_AddtoCartTest"/>
        <method signature="TC005_ViewShoppingCart.ViewCart()[pri:0, instance:testCases.TC005_ViewShoppingCart@4331d187]" name="ViewCart" class="testCases.TC005_ViewShoppingCart"/>
        <method signature="TC007_CheckingOrderHistory.CheckOrderHistory()[pri:0, instance:testCases.TC007_CheckingOrderHistory@554e218]" name="CheckOrderHistory" class="testCases.TC007_CheckingOrderHistory"/>
      </group> <!-- Smoke -->
    </groups>
    <test started-at="2025-04-29T17:41:14 IST" name="Test" finished-at="2025-04-29T17:43:21 IST" duration-ms="127238">
      <class name="testCases.TC003_SearchItemTest">
        <test-method is-config="true" signature="setup(java.lang.String,java.lang.String)[pri:0, instance:testCases.TC003_SearchItemTest@3ad2e17]" started-at="2025-04-29T17:41:36 IST" name="setup" finished-at="2025-04-29T17:41:39 IST" duration-ms="2910" status="PASS">
          <params>
            <param index="0">
              <value>
                <![CDATA[Windows]]>
              </value>
            </param>
            <param index="1">
              <value>
                <![CDATA[chrome]]>
              </value>
            </param>
          </params>
          <reporter-output>
          </reporter-output>
        </test-method> <!-- setup -->
        <test-method signature="SearchItem()[pri:0, instance:testCases.TC003_SearchItemTest@3ad2e17]" started-at="2025-04-29T17:41:39 IST" name="SearchItem" finished-at="2025-04-29T17:41:44 IST" duration-ms="4642" status="PASS">
          <reporter-output>
          </reporter-output>
        </test-method> <!-- SearchItem -->
        <test-method is-config="true" signature="teardown()[pri:0, instance:testCases.TC003_SearchItemTest@3ad2e17]" started-at="2025-04-29T17:41:44 IST" name="teardown" finished-at="2025-04-29T17:41:44 IST" duration-ms="246" status="PASS">
          <reporter-output>
          </reporter-output>
        </test-method> <!-- teardown -->
      </class> <!-- testCases.TC003_SearchItemTest -->
      <class name="testCases.TC002_LoginTest">
        <test-method is-config="true" signature="setup(java.lang.String,java.lang.String)[pri:0, instance:testCases.TC002_LoginTest@39a2bb97]" started-at="2025-04-29T17:41:29 IST" name="setup" finished-at="2025-04-29T17:41:32 IST" duration-ms="3336" status="PASS">
          <params>
            <param index="0">
              <value>
                <![CDATA[Windows]]>
              </value>
            </param>
            <param index="1">
              <value>
                <![CDATA[chrome]]>
              </value>
            </param>
          </params>
          <reporter-output>
          </reporter-output>
        </test-method> <!-- setup -->
        <test-method signature="Verify_login()[pri:0, instance:testCases.TC002_LoginTest@39a2bb97]" started-at="2025-04-29T17:41:32 IST" name="Verify_login" finished-at="2025-04-29T17:41:36 IST" duration-ms="3494" status="PASS">
          <reporter-output>
          </reporter-output>
        </test-method> <!-- Verify_login -->
        <test-method is-config="true" signature="teardown()[pri:0, instance:testCases.TC002_LoginTest@39a2bb97]" started-at="2025-04-29T17:41:36 IST" name="teardown" finished-at="2025-04-29T17:41:36 IST" duration-ms="237" status="PASS">
          <reporter-output>
          </reporter-output>
        </test-method> <!-- teardown -->
      </class> <!-- testCases.TC002_LoginTest -->
      <class name="testCases.TC005_ViewShoppingCart">
        <test-method is-config="true" signature="setup(java.lang.String,java.lang.String)[pri:0, instance:testCases.TC005_ViewShoppingCart@4331d187]" started-at="2025-04-29T17:41:53 IST" name="setup" finished-at="2025-04-29T17:41:56 IST" duration-ms="3061" status="PASS">
          <params>
            <param index="0">
              <value>
                <![CDATA[Windows]]>
              </value>
            </param>
            <param index="1">
              <value>
                <![CDATA[chrome]]>
              </value>
            </param>
          </params>
          <reporter-output>
          </reporter-output>
        </test-method> <!-- setup -->
        <test-method signature="ViewCart()[pri:0, instance:testCases.TC005_ViewShoppingCart@4331d187]" started-at="2025-04-29T17:41:56 IST" name="ViewCart" finished-at="2025-04-29T17:42:04 IST" duration-ms="8187" status="PASS">
          <reporter-output>
          </reporter-output>
        </test-method> <!-- ViewCart -->
        <test-method is-config="true" signature="teardown()[pri:0, instance:testCases.TC005_ViewShoppingCart@4331d187]" started-at="2025-04-29T17:42:04 IST" name="teardown" finished-at="2025-04-29T17:42:04 IST" duration-ms="215" status="PASS">
          <reporter-output>
          </reporter-output>
        </test-method> <!-- teardown -->
      </class> <!-- testCases.TC005_ViewShoppingCart -->
      <class name="testCases.TC009_OrderProduct_EndToEnd_testcase">
        <test-method is-config="true" signature="setup(java.lang.String,java.lang.String)[pri:0, instance:testCases.TC009_OrderProduct_EndToEnd_testcase@5bf8fa12]" started-at="2025-04-29T17:42:47 IST" name="setup" finished-at="2025-04-29T17:42:50 IST" duration-ms="2750" status="PASS">
          <params>
            <param index="0">
              <value>
                <![CDATA[Windows]]>
              </value>
            </param>
            <param index="1">
              <value>
                <![CDATA[chrome]]>
              </value>
            </param>
          </params>
          <reporter-output>
          </reporter-output>
        </test-method> <!-- setup -->
        <test-method signature="verify_account_registration()[pri:0, instance:testCases.TC009_OrderProduct_EndToEnd_testcase@5bf8fa12]" started-at="2025-04-29T17:42:50 IST" name="verify_account_registration" finished-at="2025-04-29T17:43:21 IST" duration-ms="30984" status="PASS">
          <reporter-output>
          </reporter-output>
        </test-method> <!-- verify_account_registration -->
        <test-method is-config="true" signature="teardown()[pri:0, instance:testCases.TC009_OrderProduct_EndToEnd_testcase@5bf8fa12]" started-at="2025-04-29T17:43:21 IST" name="teardown" finished-at="2025-04-29T17:43:21 IST" duration-ms="288" status="PASS">
          <reporter-output>
          </reporter-output>
        </test-method> <!-- teardown -->
      </class> <!-- testCases.TC009_OrderProduct_EndToEnd_testcase -->
      <class name="testCases.TC006_CheckOutProcess">
        <test-method is-config="true" signature="setup(java.lang.String,java.lang.String)[pri:0, instance:testCases.TC006_CheckOutProcess@6f63b475]" started-at="2025-04-29T17:42:04 IST" name="setup" finished-at="2025-04-29T17:42:07 IST" duration-ms="2856" status="PASS">
          <params>
            <param index="0">
              <value>
                <![CDATA[Windows]]>
              </value>
            </param>
            <param index="1">
              <value>
                <![CDATA[chrome]]>
              </value>
            </param>
          </params>
          <reporter-output>
          </reporter-output>
        </test-method> <!-- setup -->
        <test-method signature="CheckOutProductInCart()[pri:0, instance:testCases.TC006_CheckOutProcess@6f63b475]" started-at="2025-04-29T17:42:07 IST" name="CheckOutProductInCart" finished-at="2025-04-29T17:42:27 IST" duration-ms="20095" status="PASS">
          <reporter-output>
          </reporter-output>
        </test-method> <!-- CheckOutProductInCart -->
        <test-method is-config="true" signature="teardown()[pri:0, instance:testCases.TC006_CheckOutProcess@6f63b475]" started-at="2025-04-29T17:42:27 IST" name="teardown" finished-at="2025-04-29T17:42:27 IST" duration-ms="285" status="PASS">
          <reporter-output>
          </reporter-output>
        </test-method> <!-- teardown -->
      </class> <!-- testCases.TC006_CheckOutProcess -->
      <class name="testCases.TC008_CheckUserLogout">
        <test-method is-config="true" signature="setup(java.lang.String,java.lang.String)[pri:0, instance:testCases.TC008_CheckUserLogout@1608bcbd]" started-at="2025-04-29T17:42:40 IST" name="setup" finished-at="2025-04-29T17:42:43 IST" duration-ms="2770" status="PASS">
          <params>
            <param index="0">
              <value>
                <![CDATA[Windows]]>
              </value>
            </param>
            <param index="1">
              <value>
                <![CDATA[chrome]]>
              </value>
            </param>
          </params>
          <reporter-output>
          </reporter-output>
        </test-method> <!-- setup -->
        <test-method signature="CheckUserLogout()[pri:0, instance:testCases.TC008_CheckUserLogout@1608bcbd]" started-at="2025-04-29T17:42:43 IST" name="CheckUserLogout" finished-at="2025-04-29T17:42:47 IST" duration-ms="4718" status="PASS">
          <reporter-output>
          </reporter-output>
        </test-method> <!-- CheckUserLogout -->
        <test-method is-config="true" signature="teardown()[pri:0, instance:testCases.TC008_CheckUserLogout@1608bcbd]" started-at="2025-04-29T17:42:47 IST" name="teardown" finished-at="2025-04-29T17:42:47 IST" duration-ms="246" status="PASS">
          <reporter-output>
          </reporter-output>
        </test-method> <!-- teardown -->
      </class> <!-- testCases.TC008_CheckUserLogout -->
      <class name="testCases.TC007_CheckingOrderHistory">
        <test-method is-config="true" signature="setup(java.lang.String,java.lang.String)[pri:0, instance:testCases.TC007_CheckingOrderHistory@554e218]" started-at="2025-04-29T17:42:27 IST" name="setup" finished-at="2025-04-29T17:42:30 IST" duration-ms="2921" status="PASS">
          <params>
            <param index="0">
              <value>
                <![CDATA[Windows]]>
              </value>
            </param>
            <param index="1">
              <value>
                <![CDATA[chrome]]>
              </value>
            </param>
          </params>
          <reporter-output>
          </reporter-output>
        </test-method> <!-- setup -->
        <test-method signature="CheckOrderHistory()[pri:0, instance:testCases.TC007_CheckingOrderHistory@554e218]" started-at="2025-04-29T17:42:30 IST" name="CheckOrderHistory" finished-at="2025-04-29T17:42:39 IST" duration-ms="9178" status="PASS">
          <reporter-output>
          </reporter-output>
        </test-method> <!-- CheckOrderHistory -->
        <test-method is-config="true" signature="teardown()[pri:0, instance:testCases.TC007_CheckingOrderHistory@554e218]" started-at="2025-04-29T17:42:39 IST" name="teardown" finished-at="2025-04-29T17:42:40 IST" duration-ms="338" status="PASS">
          <reporter-output>
          </reporter-output>
        </test-method> <!-- teardown -->
      </class> <!-- testCases.TC007_CheckingOrderHistory -->
      <class name="testCases.TC001_AccountRegistrationTest">
        <test-method is-config="true" signature="setup(java.lang.String,java.lang.String)[pri:0, instance:testCases.TC001_AccountRegistrationTest@53f6fd09]" started-at="2025-04-29T17:41:15 IST" name="setup" finished-at="2025-04-29T17:41:21 IST" duration-ms="6201" status="PASS">
          <params>
            <param index="0">
              <value>
                <![CDATA[Windows]]>
              </value>
            </param>
            <param index="1">
              <value>
                <![CDATA[chrome]]>
              </value>
            </param>
          </params>
          <reporter-output>
          </reporter-output>
        </test-method> <!-- setup -->
        <test-method signature="verify_account_registration()[pri:0, instance:testCases.TC001_AccountRegistrationTest@53f6fd09]" started-at="2025-04-29T17:41:21 IST" name="verify_account_registration" finished-at="2025-04-29T17:41:28 IST" duration-ms="7218" status="PASS">
          <reporter-output>
          </reporter-output>
        </test-method> <!-- verify_account_registration -->
        <test-method is-config="true" signature="teardown()[pri:0, instance:testCases.TC001_AccountRegistrationTest@53f6fd09]" started-at="2025-04-29T17:41:28 IST" name="teardown" finished-at="2025-04-29T17:41:29 IST" duration-ms="504" status="PASS">
          <reporter-output>
          </reporter-output>
        </test-method> <!-- teardown -->
      </class> <!-- testCases.TC001_AccountRegistrationTest -->
      <class name="testCases.TC004_AddtoCartTest">
        <test-method is-config="true" signature="setup(java.lang.String,java.lang.String)[pri:0, instance:testCases.TC004_AddtoCartTest@8c3619e]" started-at="2025-04-29T17:41:44 IST" name="setup" finished-at="2025-04-29T17:41:47 IST" duration-ms="3072" status="PASS">
          <params>
            <param index="0">
              <value>
                <![CDATA[Windows]]>
              </value>
            </param>
            <param index="1">
              <value>
                <![CDATA[chrome]]>
              </value>
            </param>
          </params>
          <reporter-output>
          </reporter-output>
        </test-method> <!-- setup -->
        <test-method signature="addToCart()[pri:0, instance:testCases.TC004_AddtoCartTest@8c3619e]" started-at="2025-04-29T17:41:47 IST" name="addToCart" finished-at="2025-04-29T17:41:52 IST" duration-ms="5319" status="PASS">
          <reporter-output>
          </reporter-output>
        </test-method> <!-- addToCart -->
        <test-method is-config="true" signature="teardown()[pri:0, instance:testCases.TC004_AddtoCartTest@8c3619e]" started-at="2025-04-29T17:41:52 IST" name="teardown" finished-at="2025-04-29T17:41:53 IST" duration-ms="336" status="PASS">
          <reporter-output>
          </reporter-output>
        </test-method> <!-- teardown -->
      </class> <!-- testCases.TC004_AddtoCartTest -->
    </test> <!-- Test -->
  </suite> <!-- MasterSuite -->
</testng-results>
