<?xml version="1.0" encoding="UTF-8"?>
<!-- Generated by org.testng.reporters.JUnitXMLReporter -->
<testsuite ignored="0" hostname="DESKTOP-04AG9FN" failures="0" tests="13" name="Test" time="146.3" errors="0" timestamp="2025-03-09T18:50:10 IST">
  <testcase classname="testCases.TC001_AccountRegistrationTest" name="verify_account_registration" time="4.94"/>
  <testcase classname="testCases.TC002_LoginTest" name="Verify_login" time="2.549"/>
  <testcase classname="testCases.TC003_SearchItemTest" name="SearchItem" time="4.245"/>
  <testcase classname="testCases.TC004_AddtoCartTest" name="addToCart" time="4.64"/>
  <testcase classname="testCases.TC005_ViewShoppingCart" name="ViewCart" time="7.206"/>
  <testcase classname="testCases.TC006_CheckOutProcess" name="CheckOutProductInCart" time="17.758"/>
  <testcase classname="testCases.TC007_CheckingOrderHistory" name="CheckOrderHistory" time="8.988"/>
  <testcase classname="testCases.TC008_CheckUserLogout" name="CheckUserLogout" time="4.915"/>
  <testcase classname="testCases.TC009_OrderProduct_EndToEnd_testcase" name="verify_account_registration" time="30.756"/>
  <testcase classname="testCases.TC010_LoginDDTest" name="Verify_loginDDT" time="3.214"/>
  <testcase classname="testCases.TC010_LoginDDTest" name="Verify_loginDDT" time="2.614"/>
  <testcase classname="testCases.TC010_LoginDDTest" name="Verify_loginDDT" time="2.888"/>
  <testcase classname="testCases.TC010_LoginDDTest" name="Verify_loginDDT" time="12.028"/>
</testsuite> <!-- Test -->
