<?xml version="1.0" encoding="UTF-8"?>
<!-- Generated by org.testng.reporters.JUnitXMLReporter -->
<testsuite ignored="0" hostname="DESKTOP-04AG9FN" failures="0" tests="9" name="Test" time="127.238" errors="0" timestamp="2025-04-29T17:43:23 IST">
  <testcase classname="testCases.TC001_AccountRegistrationTest" name="verify_account_registration" time="7.218"/>
  <testcase classname="testCases.TC002_LoginTest" name="Verify_login" time="3.494"/>
  <testcase classname="testCases.TC003_SearchItemTest" name="SearchItem" time="4.642"/>
  <testcase classname="testCases.TC004_AddtoCartTest" name="addToCart" time="5.319"/>
  <testcase classname="testCases.TC005_ViewShoppingCart" name="ViewCart" time="8.187"/>
  <testcase classname="testCases.TC006_CheckOutProcess" name="CheckOutProductInCart" time="20.095"/>
  <testcase classname="testCases.TC007_CheckingOrderHistory" name="CheckOrderHistory" time="9.178"/>
  <testcase classname="testCases.TC008_CheckUserLogout" name="CheckUserLogout" time="4.718"/>
  <testcase classname="testCases.TC009_OrderProduct_EndToEnd_testcase" name="verify_account_registration" time="30.984"/>
</testsuite> <!-- Test -->
