<?xml version="1.0" encoding="UTF-8"?>
<!-- Generated by org.testng.reporters.JUnitXMLReporter -->
<testsuite ignored="7" hostname="DESKTOP-04AG9FN" failures="0" tests="3" name="Test" time="23.679" errors="0" timestamp="2025-03-09T18:38:35 IST">
  <testcase classname="testCases.TC001_AccountRegistrationTest" name="verify_account_registration" time="5.219"/>
  <testcase classname="testCases.TC002_LoginTest" name="Verify_login" time="2.779"/>
  <testcase classname="testCases.TC008_CheckUserLogout" name="CheckUserLogout" time="4.448"/>
  <testcase classname="testCases.TC005_ViewShoppingCart" name="ViewCart" time="0.0">
    <ignored/>
  </testcase> <!-- ViewCart -->
  <testcase classname="testCases.TC006_CheckOutProcess" name="CheckOutProductInCart" time="0.0">
    <ignored/>
  </testcase> <!-- CheckOutProductInCart -->
  <testcase classname="testCases.TC004_AddtoCartTest" name="addToCart" time="0.0">
    <ignored/>
  </testcase> <!-- addToCart -->
  <testcase classname="testCases.TC003_SearchItemTest" name="SearchItem" time="0.0">
    <ignored/>
  </testcase> <!-- SearchItem -->
  <testcase classname="testCases.TC010_LoginDDTest" name="Verify_loginDDT" time="0.0">
    <ignored/>
  </testcase> <!-- Verify_loginDDT -->
  <testcase classname="testCases.TC007_CheckingOrderHistory" name="CheckOrderHistory" time="0.0">
    <ignored/>
  </testcase> <!-- CheckOrderHistory -->
  <testcase classname="testCases.TC009_OrderProduct_EndToEnd_testcase" name="verify_account_registration" time="0.0">
    <ignored/>
  </testcase> <!-- verify_account_registration -->
</testsuite> <!-- Test -->
